<?xml version="1.0" encoding="utf-8"?><testsuites name="pytest tests"><testsuite name="pytest" errors="0" failures="0" skipped="0" tests="5" time="1.699" timestamp="2026-07-04T13:32:09.766260+00:00" hostname="agent-env-7a29f715-0a3a-453f-a736-5a71dd94bc81"><testcase classname="tests.test_landing_google_auth_e2e" name="test_health" time="0.507" /><testcase classname="tests.test_landing_google_auth_e2e" name="test_login_returns_access_refresh" time="0.399" /><testcase classname="tests.test_landing_google_auth_e2e" name="test_me_with_valid_bearer" time="0.058" /><testcase classname="tests.test_landing_google_auth_e2e" name="test_google_session_missing_header_400" time="0.047" /><testcase classname="tests.test_landing_google_auth_e2e" name="test_google_session_invalid_header_401" time="0.666" /></testsuite></testsuites>