<?xml version="1.0" encoding="utf-8"?><testsuites name="pytest tests"><testsuite name="pytest" errors="0" failures="0" skipped="0" tests="8" time="2.151" timestamp="2026-07-04T04:31:21.582610+00:00" hostname="agent-env-06f8fba5-b5a0-418f-97d9-f82b39c7023c"><testcase classname="tests.test_auth_endpoints" name="test_health_ok" time="0.208" /><testcase classname="tests.test_auth_endpoints" name="test_login_success_returns_tokens_and_user" time="0.360" /><testcase classname="tests.test_auth_endpoints" name="test_login_wrong_password_401" time="0.336" /><testcase classname="tests.test_auth_endpoints" name="test_me_requires_auth" time="0.047" /><testcase classname="tests.test_auth_endpoints" name="test_me_with_bearer_returns_user" time="0.397" /><testcase classname="tests.test_auth_endpoints" name="test_register_creates_user_and_returns_tokens" time="0.425" /><testcase classname="tests.test_auth_endpoints" name="test_google_session_missing_header_returns_400" time="0.109" /><testcase classname="tests.test_auth_endpoints" name="test_google_session_bogus_header_returns_401" time="0.206" /></testsuite></testsuites>